[2026-03-27 02:00:01] ======================================================================
[2026-03-27 02:00:01] Autonomous Recruiter - Starting overnight ingestion
[2026-03-27 02:00:01] ======================================================================
[2026-03-27 02:00:01] Scanning codebase...
[2026-03-27 02:00:45] Found 674777 code files to recruit
[2026-03-27 02:00:46] Districts: ['Python District', 'Rust District', 'JavaScript District', 'TypeScript District', 'Go District', 'C District', 'C++ District', 'Header District', 'Speech District']
[2026-03-27 02:00:46] 
Recruiting Python District (73362 files)...
[2026-03-27 02:00:46]   Recruited 0/73362 files
[2026-03-27 02:00:46]   Recruited 10/73362 files
[2026-03-27 02:00:46]   Recruited 20/73362 files
[2026-03-27 02:00:46]   Recruited 30/73362 files
[2026-03-27 02:00:46]   Recruited 40/73362 files
[2026-03-27 02:00:46]   Recruited 50/73362 files
[2026-03-27 02:00:46]   Recruited 60/73362 files
[2026-03-27 02:00:46]   Recruited 70/73362 files
[2026-03-27 02:00:46]   Recruited 80/73362 files
[2026-03-27 02:00:46]   Recruited 90/73362 files
[2026-03-27 02:00:46]   Recruited 100/73362 files
[2026-03-27 02:00:46]   Recruited 110/73362 files
[2026-03-27 02:00:46]   Recruited 120/73362 files
[2026-03-27 02:00:46]   Recruited 130/73362 files
[2026-03-27 02:00:46]   Recruited 140/73362 files
[2026-03-27 02:00:46]   Recruited 150/73362 files
[2026-03-27 02:00:46]   Recruited 160/73362 files
[2026-03-27 02:00:46]   Recruited 170/73362 files
[2026-03-27 02:00:46]   Recruited 180/73362 files
[2026-03-27 02:00:46]   Recruited 190/73362 files
[2026-03-27 02:00:46]   Recruited 200/73362 files
[2026-03-27 02:00:46]   Recruited 210/73362 files
[2026-03-27 02:00:46]   Recruited 220/73362 files
[2026-03-27 02:00:46]   Recruited 230/73362 files
[2026-03-27 02:00:46]   Recruited 240/73362 files
[2026-03-27 02:00:46]   Recruited 250/73362 files
[2026-03-27 02:00:46]   Recruited 260/73362 files
[2026-03-27 02:00:46]   Recruited 270/73362 files
[2026-03-27 02:00:46]   Recruited 280/73362 files
[2026-03-27 02:00:46]   Recruited 290/73362 files
[2026-03-27 02:00:46]   Recruited 300/73362 files
[2026-03-27 02:00:46]   Recruited 310/73362 files
[2026-03-27 02:00:46]   Recruited 320/73362 files
[2026-03-27 02:00:46]   Recruited 330/73362 files
[2026-03-27 02:00:46]   Recruited 340/73362 files
[2026-03-27 02:00:46]   Recruited 350/73362 files
[2026-03-27 02:00:46]   Recruited 360/73362 files
[2026-03-27 02:00:46]   Recruited 370/73362 files
[2026-03-27 02:00:46]   Recruited 380/73362 files
[2026-03-27 02:00:46]   Recruited 390/73362 files
[2026-03-27 02:00:46]   Recruited 400/73362 files
[2026-03-27 02:00:46]   Recruited 410/73362 files
[2026-03-27 02:00:46]   Recruited 420/73362 files
[2026-03-27 02:00:46]   Recruited 430/73362 files
[2026-03-27 02:00:46]   Recruited 440/73362 files
[2026-03-27 02:00:46]   Recruited 450/73362 files
[2026-03-27 02:00:46]   Recruited 460/73362 files
[2026-03-27 02:00:46]   Recruited 470/73362 files
[2026-03-27 02:00:46]   Recruited 480/73362 files
[2026-03-27 02:00:46]   Recruited 490/73362 files
[2026-03-27 02:00:46]   Recruited 500/73362 files
[2026-03-27 02:00:46]   Recruited 510/73362 files
[2026-03-27 02:00:46]   Recruited 520/73362 files
[2026-03-27 02:00:46]   Recruited 530/73362 files
[2026-03-27 02:00:46]   Recruited 540/73362 files
[2026-03-27 02:00:46]   Recruited 550/73362 files
[2026-03-27 02:00:46]   Recruited 560/73362 files
[2026-03-27 02:00:46]   Recruited 570/73362 files
[2026-03-27 02:00:46]   Recruited 580/73362 files
[2026-03-27 02:00:46]   Recruited 590/73362 files
[2026-03-27 02:00:46]   Recruited 600/73362 files
[2026-03-27 02:00:46]   Recruited 610/73362 files
[2026-03-27 02:00:46]   Recruited 620/73362 files
[2026-03-27 02:00:47]   Recruited 630/73362 files
[2026-03-27 02:00:47]   Recruited 640/73362 files
[2026-03-27 02:00:47]   Recruited 650/73362 files
[2026-03-27 02:00:47]   Recruited 660/73362 files
[2026-03-27 02:00:47]   Recruited 670/73362 files
[2026-03-27 02:00:47]   Recruited 680/73362 files
[2026-03-27 02:00:47]   Recruited 690/73362 files
[2026-03-27 02:00:47]   Recruited 700/73362 files
[2026-03-27 02:00:47]   Recruited 710/73362 files
[2026-03-27 02:00:47]   Recruited 720/73362 files
[2026-03-27 02:00:47]   Recruited 730/73362 files
[2026-03-27 02:00:47]   Recruited 740/73362 files
[2026-03-27 02:00:47]   Recruited 750/73362 files
[2026-03-27 02:00:47]   Recruited 760/73362 files
[2026-03-27 02:00:47]   Recruited 770/73362 files
[2026-03-27 02:00:47]   Recruited 780/73362 files
[2026-03-27 02:00:47]   Recruited 790/73362 files
[2026-03-27 02:00:47]   Recruited 800/73362 files
[2026-03-27 02:00:47]   Recruited 810/73362 files
[2026-03-27 02:00:47]   Recruited 820/73362 files
[2026-03-27 02:00:47]   Recruited 830/73362 files
[2026-03-27 02:00:47]   Recruited 840/73362 files
[2026-03-27 02:00:47]   Recruited 850/73362 files
[2026-03-27 02:00:47]   Recruited 860/73362 files
[2026-03-27 02:00:47]   Recruited 870/73362 files
[2026-03-27 02:00:47]   Recruited 880/73362 files
[2026-03-27 02:00:47]   Recruited 890/73362 files
[2026-03-27 02:00:47]   Recruited 900/73362 files
[2026-03-27 02:00:47]   Recruited 910/73362 files
[2026-03-27 02:00:47]   Recruited 920/73362 files
[2026-03-27 02:00:47]   Recruited 930/73362 files
[2026-03-27 02:00:47]   Recruited 940/73362 files
[2026-03-27 02:00:47]   Recruited 950/73362 files
[2026-03-27 02:00:47]   Recruited 960/73362 files
[2026-03-27 02:00:47]   Recruited 970/73362 files
[2026-03-27 02:00:47]   Recruited 980/73362 files
[2026-03-27 02:00:47]   Recruited 990/73362 files
[2026-03-27 02:00:47]   Recruited 1000/73362 files
[2026-03-27 02:00:47]   Recruited 1010/73362 files
[2026-03-27 02:00:47]   Recruited 1020/73362 files
[2026-03-27 02:00:47]   Recruited 1030/73362 files
[2026-03-27 02:00:47]   Recruited 1040/73362 files
[2026-03-27 02:00:47]   Recruited 1050/73362 files
[2026-03-27 02:00:47]   Recruited 1060/73362 files
[2026-03-27 02:00:47]   Recruited 1070/73362 files
[2026-03-27 02:00:47]   Recruited 1080/73362 files
[2026-03-27 02:00:47]   Recruited 1090/73362 files
[2026-03-27 02:00:47]   Recruited 1100/73362 files
[2026-03-27 02:00:47]   Recruited 1110/73362 files
[2026-03-27 02:00:47]   Recruited 1120/73362 files
[2026-03-27 02:00:47]   Recruited 1130/73362 files
[2026-03-27 02:00:47]   Recruited 1140/73362 files
[2026-03-27 02:00:47]   Recruited 1150/73362 files
[2026-03-27 02:00:47]   Recruited 1160/73362 files
[2026-03-27 02:00:47]   Recruited 1170/73362 files
[2026-03-27 02:00:47]   Recruited 1180/73362 files
[2026-03-27 02:00:47]   Recruited 1190/73362 files
[2026-03-27 02:00:47]   Recruited 1200/73362 files
[2026-03-27 02:00:47]   Recruited 1210/73362 files
[2026-03-27 02:00:47]   Recruited 1220/73362 files
[2026-03-27 02:00:47]   Recruited 1230/73362 files
[2026-03-27 02:00:47]   Recruited 1240/73362 files
[2026-03-27 02:00:47]   Recruited 1250/73362 files
[2026-03-27 02:00:47]   Recruited 1260/73362 files
[2026-03-27 02:00:47]   Recruited 1270/73362 files
[2026-03-27 02:00:47]   Recruited 1280/73362 files
[2026-03-27 02:00:47]   Recruited 1290/73362 files
[2026-03-27 02:00:47]   Recruited 1300/73362 files
[2026-03-27 02:00:47]   Recruited 1310/73362 files
[2026-03-27 02:00:47]   Recruited 1320/73362 files
[2026-03-27 02:00:47]   Recruited 1330/73362 files
[2026-03-27 02:00:47]   Recruited 1340/73362 files
[2026-03-27 02:00:47]   Recruited 1350/73362 files
[2026-03-27 02:00:47]   Recruited 1360/73362 files
[2026-03-27 02:00:47]   Recruited 1370/73362 files
[2026-03-27 02:00:47]   Recruited 1380/73362 files
[2026-03-27 02:00:47]   Recruited 1390/73362 files
[2026-03-27 02:00:47]   Recruited 1400/73362 files
[2026-03-27 02:00:47]   Recruited 1410/73362 files
[2026-03-27 02:00:47]   Recruited 1420/73362 files
[2026-03-27 02:00:47]   Recruited 1430/73362 files
[2026-03-27 02:00:47]   Recruited 1440/73362 files
[2026-03-27 02:00:47]   Recruited 1450/73362 files
[2026-03-27 02:00:47]   Recruited 1460/73362 files
[2026-03-27 02:00:47]   Recruited 1470/73362 files
[2026-03-27 02:00:47]   Recruited 1480/73362 files
[2026-03-27 02:00:47]   Recruited 1490/73362 files
[2026-03-27 02:00:47]   Recruited 1500/73362 files
[2026-03-27 02:00:47]   Recruited 1510/73362 files
[2026-03-27 02:00:47]   Recruited 1520/73362 files
[2026-03-27 02:00:47]   Recruited 1530/73362 files
[2026-03-27 02:00:47]   Recruited 1540/73362 files
[2026-03-27 02:00:47]   Recruited 1550/73362 files
[2026-03-27 02:00:47]   Recruited 1560/73362 files
[2026-03-27 02:00:47]   Recruited 1570/73362 files
[2026-03-27 02:00:47]   Recruited 1580/73362 files
[2026-03-27 02:00:47]   Recruited 1590/73362 files
[2026-03-27 02:00:48]   Recruited 1600/73362 files
[2026-03-27 02:00:48]   Recruited 1610/73362 files
[2026-03-27 02:00:48]   Recruited 1620/73362 files
[2026-03-27 02:00:48]   Recruited 1630/73362 files
[2026-03-27 02:00:48]   Recruited 1640/73362 files
[2026-03-27 02:00:48]   Recruited 1650/73362 files
[2026-03-27 02:00:48]   Recruited 1660/73362 files
[2026-03-27 02:00:48]   Recruited 1670/73362 files
[2026-03-27 02:00:48]   Recruited 1680/73362 files
[2026-03-27 02:00:48]   Recruited 1690/73362 files
[2026-03-27 02:00:48]   Recruited 1700/73362 files
[2026-03-27 02:00:48]   Recruited 1710/73362 files
[2026-03-27 02:00:48]   Recruited 1720/73362 files
[2026-03-27 02:00:48]   Recruited 1730/73362 files
[2026-03-27 02:00:48]   Recruited 1740/73362 files
[2026-03-27 02:00:48]   Recruited 1750/73362 files
[2026-03-27 02:00:48]   Recruited 1760/73362 files
[2026-03-27 02:00:48]   Recruited 1770/73362 files
[2026-03-27 02:00:48]   Recruited 1780/73362 files
[2026-03-27 02:00:48]   Recruited 1790/73362 files
[2026-03-27 02:00:48]   Recruited 1800/73362 files
[2026-03-27 02:00:48]   Recruited 1810/73362 files
[2026-03-27 02:00:48]   Recruited 1820/73362 files
[2026-03-27 02:00:48]   Recruited 1830/73362 files
[2026-03-27 02:00:48]   Recruited 1840/73362 files
[2026-03-27 02:00:48]   Recruited 1850/73362 files
[2026-03-27 02:00:48]   Recruited 1860/73362 files
[2026-03-27 02:00:48]   Recruited 1870/73362 files
[2026-03-27 02:00:48]   Recruited 1880/73362 files
[2026-03-27 02:00:48]   Recruited 1890/73362 files
[2026-03-27 02:00:48]   Recruited 1900/73362 files
[2026-03-27 02:00:48]   Recruited 1910/73362 files
[2026-03-27 02:00:48]   Recruited 1920/73362 files
[2026-03-27 02:00:48]   Recruited 1930/73362 files
[2026-03-27 02:00:48]   Recruited 1940/73362 files
[2026-03-27 02:00:48]   Recruited 1950/73362 files
[2026-03-27 02:00:48]   Recruited 1960/73362 files
[2026-03-27 02:00:48]   Recruited 1970/73362 files
[2026-03-27 02:00:48]   Recruited 1980/73362 files
[2026-03-27 02:00:48]   Recruited 1990/73362 files
[2026-03-27 02:00:48]   Recruited 2000/73362 files
[2026-03-27 02:00:48]   Recruited 2010/73362 files
[2026-03-27 02:00:48]   Recruited 2020/73362 files
[2026-03-27 02:00:48]   Recruited 2030/73362 files
[2026-03-27 02:00:48]   Recruited 2040/73362 files
[2026-03-27 02:00:48]   Recruited 2050/73362 files
[2026-03-27 02:00:48]   Recruited 2060/73362 files
[2026-03-27 02:00:48]   Recruited 2070/73362 files
[2026-03-27 02:00:48]   Recruited 2080/73362 files
[2026-03-27 02:00:48]   Recruited 2090/73362 files
[2026-03-27 02:00:48]   Recruited 2100/73362 files
[2026-03-27 02:00:48]   Recruited 2110/73362 files
[2026-03-27 02:00:48]   Recruited 2120/73362 files
[2026-03-27 02:00:48]   Recruited 2130/73362 files
[2026-03-27 02:00:48]   Recruited 2140/73362 files
[2026-03-27 02:00:48]   Recruited 2150/73362 files
[2026-03-27 02:00:48]   Recruited 2160/73362 files
[2026-03-27 02:00:48]   Recruited 2170/73362 files
[2026-03-27 02:00:48]   Recruited 2180/73362 files
[2026-03-27 02:00:48]   Recruited 2190/73362 files
[2026-03-27 02:00:48]   Recruited 2200/73362 files
[2026-03-27 02:00:48]   Recruited 2210/73362 files
[2026-03-27 02:00:48]   Recruited 2220/73362 files
[2026-03-27 02:00:48]   Recruited 2230/73362 files
[2026-03-27 02:00:48]   Recruited 2240/73362 files
[2026-03-27 02:00:48]   Recruited 2250/73362 files
[2026-03-27 02:00:48]   Recruited 2260/73362 files
[2026-03-27 02:00:48]   Recruited 2270/73362 files
[2026-03-27 02:00:48]   Recruited 2280/73362 files
[2026-03-27 02:00:48]   Recruited 2290/73362 files
[2026-03-27 02:00:48]   Recruited 2300/73362 files
[2026-03-27 02:00:48]   Recruited 2310/73362 files
[2026-03-27 02:00:48]   Recruited 2320/73362 files
[2026-03-27 02:00:48]   Recruited 2330/73362 files
[2026-03-27 02:00:48]   Recruited 2340/73362 files
[2026-03-27 02:00:48]   Recruited 2350/73362 files
[2026-03-27 02:00:48]   Recruited 2360/73362 files
[2026-03-27 02:00:48]   Recruited 2370/73362 files
[2026-03-27 02:00:48]   Recruited 2380/73362 files
[2026-03-27 02:00:48]   Recruited 2390/73362 files
[2026-03-27 02:00:48]   Recruited 2400/73362 files
[2026-03-27 02:00:48]   Recruited 2410/73362 files
[2026-03-27 02:00:48]   Recruited 2420/73362 files
[2026-03-27 02:00:48]   Recruited 2430/73362 files
[2026-03-27 02:00:48]   Recruited 2440/73362 files
[2026-03-27 02:00:48]   Recruited 2450/73362 files
[2026-03-27 02:00:48]   Recruited 2460/73362 files
[2026-03-27 02:00:48]   Recruited 2470/73362 files
[2026-03-27 02:00:48]   Recruited 2480/73362 files
[2026-03-27 02:00:48]   Recruited 2490/73362 files
[2026-03-27 02:00:48]   Recruited 2500/73362 files
[2026-03-27 02:00:49]   Recruited 2510/73362 files
[2026-03-27 02:00:49]   Recruited 2520/73362 files
[2026-03-27 02:00:49]   Recruited 2530/73362 files
[2026-03-27 02:00:49]   Recruited 2540/73362 files
[2026-03-27 02:00:49]   Recruited 2550/73362 files
[2026-03-27 02:00:49]   Recruited 2560/73362 files
[2026-03-27 02:00:49]   Recruited 2570/73362 files
[2026-03-27 02:00:49]   Recruited 2580/73362 files
[2026-03-27 02:00:49]   Recruited 2590/73362 files
[2026-03-27 02:00:49]   Recruited 2600/73362 files
[2026-03-27 02:00:49]   Recruited 2610/73362 files
[2026-03-27 02:00:49]   Recruited 2620/73362 files
[2026-03-27 02:00:49]   Recruited 2630/73362 files
[2026-03-27 02:00:49]   Recruited 2640/73362 files
[2026-03-27 02:00:49]   Recruited 2650/73362 files
[2026-03-27 02:00:49]   Recruited 2660/73362 files
[2026-03-27 02:00:49]   Recruited 2670/73362 files
[2026-03-27 02:00:49]   Recruited 2680/73362 files
[2026-03-27 02:00:49]   Recruited 2690/73362 files
[2026-03-27 02:00:49]   Recruited 2700/73362 files
[2026-03-27 02:00:49]   Recruited 2710/73362 files
[2026-03-27 02:00:49]   Recruited 2720/73362 files
[2026-03-27 02:00:49]   Recruited 2730/73362 files
[2026-03-27 02:00:49]   Recruited 2740/73362 files
[2026-03-27 02:00:49]   Recruited 2750/73362 files
[2026-03-27 02:00:49]   Recruited 2760/73362 files
[2026-03-27 02:00:49]   Recruited 2770/73362 files
[2026-03-27 02:00:49]   Recruited 2780/73362 files
[2026-03-27 02:00:49]   Recruited 2790/73362 files
[2026-03-27 02:00:49]   Recruited 2800/73362 files
[2026-03-27 02:00:49]   Recruited 2810/73362 files
[2026-03-27 02:00:49]   Recruited 2820/73362 files
[2026-03-27 02:00:49]   Recruited 2830/73362 files
[2026-03-27 02:00:49]   Recruited 2840/73362 files
[2026-03-27 02:00:49]   Recruited 2850/73362 files
[2026-03-27 02:00:49]   Recruited 2860/73362 files
[2026-03-27 02:00:49]   Recruited 2870/73362 files
[2026-03-27 02:00:49]   Recruited 2880/73362 files
[2026-03-27 02:00:49]   Recruited 2890/73362 files
[2026-03-27 02:00:49]   Recruited 2900/73362 files
[2026-03-27 02:00:49]   Recruited 2910/73362 files
[2026-03-27 02:00:49]   Recruited 2920/73362 files
[2026-03-27 02:00:49]   Recruited 2930/73362 files
[2026-03-27 02:00:49]   Recruited 2940/73362 files
[2026-03-27 02:00:49]   Recruited 2950/73362 files
[2026-03-27 02:00:49]   Recruited 2960/73362 files
[2026-03-27 02:00:49]   Recruited 2970/73362 files
[2026-03-27 02:00:49]   Recruited 2980/73362 files
[2026-03-27 02:00:49]   Recruited 2990/73362 files
[2026-03-27 02:00:49]   Recruited 3000/73362 files
[2026-03-27 02:00:49]   Recruited 3010/73362 files
[2026-03-27 02:00:49]   Recruited 3020/73362 files
[2026-03-27 02:00:49]   Recruited 3030/73362 files
[2026-03-27 02:00:49]   Recruited 3040/73362 files
[2026-03-27 02:00:49]   Recruited 3050/73362 files
[2026-03-27 02:00:49]   Recruited 3060/73362 files
[2026-03-27 02:00:49]   Recruited 3070/73362 files
[2026-03-27 02:00:49]   Recruited 3080/73362 files
[2026-03-27 02:00:49]   Recruited 3090/73362 files
[2026-03-27 02:00:49]   Recruited 3100/73362 files
[2026-03-27 02:00:49]   Recruited 3110/73362 files
[2026-03-27 02:00:49]   Recruited 3120/73362 files
[2026-03-27 02:00:49]   Recruited 3130/73362 files
[2026-03-27 02:00:49]   Recruited 3140/73362 files
[2026-03-27 02:00:49]   Recruited 3150/73362 files
[2026-03-27 02:00:49]   Recruited 3160/73362 files
[2026-03-27 02:00:49]   Recruited 3170/73362 files
[2026-03-27 02:00:49]   Recruited 3180/73362 files
[2026-03-27 02:00:49]   Recruited 3190/73362 files
[2026-03-27 02:00:49]   Recruited 3200/73362 files
[2026-03-27 02:00:49]   Recruited 3210/73362 files
[2026-03-27 02:00:49]   Recruited 3220/73362 files
[2026-03-27 02:00:49]   Recruited 3230/73362 files
[2026-03-27 02:00:49]   Recruited 3240/73362 files
[2026-03-27 02:00:49]   Recruited 3250/73362 files
[2026-03-27 02:00:49]   Recruited 3260/73362 files
[2026-03-27 02:00:49]   Recruited 3270/73362 files
[2026-03-27 02:00:49]   Recruited 3280/73362 files
[2026-03-27 02:00:49]   Recruited 3290/73362 files
[2026-03-27 02:00:49]   Recruited 3300/73362 files
[2026-03-27 02:00:49]   Recruited 3310/73362 files
[2026-03-27 02:00:49]   Recruited 3320/73362 files
[2026-03-27 02:00:49]   Recruited 3330/73362 files
[2026-03-27 02:00:49]   Recruited 3340/73362 files
[2026-03-27 02:00:49]   Recruited 3350/73362 files
[2026-03-27 02:00:49]   Recruited 3360/73362 files
[2026-03-27 02:00:50]   Recruited 3370/73362 files
[2026-03-27 02:00:50]   Recruited 3380/73362 files
[2026-03-27 02:00:50]   Recruited 3390/73362 files
[2026-03-27 02:00:50]   Recruited 3400/73362 files
[2026-03-27 02:00:50]   Recruited 3410/73362 files
[2026-03-27 02:00:50]   Recruited 3420/73362 files
[2026-03-27 02:00:50]   Recruited 3430/73362 files
[2026-03-27 02:00:50]   Recruited 3440/73362 files
[2026-03-27 02:00:50]   Recruited 3450/73362 files
[2026-03-27 02:00:50]   Recruited 3460/73362 files
[2026-03-27 02:00:50]   Recruited 3470/73362 files
[2026-03-27 02:00:50]   Recruited 3480/73362 files
[2026-03-27 02:00:50]   Recruited 3490/73362 files
[2026-03-27 02:00:50]   Recruited 3500/73362 files
[2026-03-27 02:00:50]   Recruited 3510/73362 files
[2026-03-27 02:00:50]   Recruited 3520/73362 files
[2026-03-27 02:00:50]   Recruited 3530/73362 files
[2026-03-27 02:00:50]   Recruited 3540/73362 files
[2026-03-27 02:00:50]   Recruited 3550/73362 files
[2026-03-27 02:00:50]   Recruited 3560/73362 files
[2026-03-27 02:00:50]   Recruited 3570/73362 files
[2026-03-27 02:00:50]   Recruited 3580/73362 files
[2026-03-27 02:00:50]   Recruited 3590/73362 files
[2026-03-27 02:00:50]   Recruited 3600/73362 files
[2026-03-27 02:00:50]   Recruited 3610/73362 files
[2026-03-27 02:00:50]   Recruited 3620/73362 files
[2026-03-27 02:00:50]   Recruited 3630/73362 files
[2026-03-27 02:00:50]   Recruited 3640/73362 files
[2026-03-27 02:00:50]   Recruited 3650/73362 files
[2026-03-27 02:00:50]   Recruited 3660/73362 files
[2026-03-27 02:00:50]   Recruited 3670/73362 files
[2026-03-27 02:00:50]   Recruited 3680/73362 files
[2026-03-27 02:00:50]   Recruited 3690/73362 files
[2026-03-27 02:00:50]   Recruited 3700/73362 files
[2026-03-27 02:00:50]   Recruited 3710/73362 files
[2026-03-27 02:00:50]   Recruited 3720/73362 files
[2026-03-27 02:00:50]   Recruited 3730/73362 files
[2026-03-27 02:00:50]   Recruited 3740/73362 files
[2026-03-27 02:00:50]   Recruited 3750/73362 files
[2026-03-27 02:00:50]   Recruited 3760/73362 files
[2026-03-27 02:00:50]   Recruited 3770/73362 files
[2026-03-27 02:00:50]   Recruited 3780/73362 files
[2026-03-27 02:00:50]   Recruited 3790/73362 files
[2026-03-27 02:00:50]   Recruited 3800/73362 files
[2026-03-27 02:00:50]   Recruited 3810/73362 files
[2026-03-27 02:00:50]   Recruited 3820/73362 files
[2026-03-27 02:00:50]   Recruited 3830/73362 files
[2026-03-27 02:00:50]   Recruited 3840/73362 files
[2026-03-27 02:00:50]   Recruited 3850/73362 files
[2026-03-27 02:00:50]   Recruited 3860/73362 files
[2026-03-27 02:00:50]   Recruited 3870/73362 files
[2026-03-27 02:00:50]   Recruited 3880/73362 files
[2026-03-27 02:00:50]   Recruited 3890/73362 files
[2026-03-27 02:00:50]   Recruited 3900/73362 files
[2026-03-27 02:00:50]   Recruited 3910/73362 files
[2026-03-27 02:00:50]   Recruited 3920/73362 files
[2026-03-27 02:00:50]   Recruited 3930/73362 files
[2026-03-27 02:00:50]   Recruited 3940/73362 files
[2026-03-27 02:00:50]   Recruited 3950/73362 files
[2026-03-27 02:00:50]   Recruited 3960/73362 files
[2026-03-27 02:00:50]   Recruited 3970/73362 files
[2026-03-27 02:00:50]   Recruited 3980/73362 files
[2026-03-27 02:00:50]   Recruited 3990/73362 files
[2026-03-27 02:00:50]   Recruited 4000/73362 files
[2026-03-27 02:00:50]   Recruited 4010/73362 files
[2026-03-27 02:00:50]   Recruited 4020/73362 files
[2026-03-27 02:00:50]   Recruited 4030/73362 files
[2026-03-27 02:00:50]   Recruited 4040/73362 files
[2026-03-27 02:00:50]   Recruited 4050/73362 files
[2026-03-27 02:00:50]   Recruited 4060/73362 files
[2026-03-27 02:00:50]   Recruited 4070/73362 files
[2026-03-27 02:00:50]   Recruited 4080/73362 files
[2026-03-27 02:00:50]   Recruited 4090/73362 files
[2026-03-27 02:00:50]   Recruited 4100/73362 files
[2026-03-27 02:00:50]   Recruited 4110/73362 files
[2026-03-27 02:00:50]   Recruited 4120/73362 files
[2026-03-27 02:00:50]   Recruited 4130/73362 files
[2026-03-27 02:00:50]   Recruited 4140/73362 files
[2026-03-27 02:00:50]   Recruited 4150/73362 files
[2026-03-27 02:00:50]   Recruited 4160/73362 files
[2026-03-27 02:00:50]   Recruited 4170/73362 files
[2026-03-27 02:00:50]   Recruited 4180/73362 files
[2026-03-27 02:00:50]   Recruited 4190/73362 files
[2026-03-27 02:00:50]   Recruited 4200/73362 files
[2026-03-27 02:00:50]   Recruited 4210/73362 files
[2026-03-27 02:00:50]   Recruited 4220/73362 files
[2026-03-27 02:00:50]   Recruited 4230/73362 files
[2026-03-27 02:00:50]   Recruited 4240/73362 files
[2026-03-27 02:00:50]   Recruited 4250/73362 files
[2026-03-27 02:00:50]   Recruited 4260/73362 files
[2026-03-27 02:00:50]   Recruited 4270/73362 files
[2026-03-27 02:00:50]   Recruited 4280/73362 files
[2026-03-27 02:00:50]   Recruited 4290/73362 files
[2026-03-27 02:00:50]   Recruited 4300/73362 files
[2026-03-27 02:00:50]   Recruited 4310/73362 files
[2026-03-27 02:00:50]   Recruited 4320/73362 files
[2026-03-27 02:00:51]   Recruited 4330/73362 files
[2026-03-27 02:00:51]   Recruited 4340/73362 files
[2026-03-27 02:00:51]   Recruited 4350/73362 files
[2026-03-27 02:00:51]   Recruited 4360/73362 files
[2026-03-27 02:00:51]   Recruited 4370/73362 files
[2026-03-27 02:00:51]   Recruited 4380/73362 files
[2026-03-27 02:00:51]   Recruited 4390/73362 files
[2026-03-27 02:00:51]   Recruited 4400/73362 files
[2026-03-27 02:00:51]   Recruited 4410/73362 files
[2026-03-27 02:00:51]   Recruited 4420/73362 files
[2026-03-27 02:00:51]   Recruited 4430/73362 files
[2026-03-27 02:00:51]   Recruited 4440/73362 files
[2026-03-27 02:00:51]   Recruited 4450/73362 files
[2026-03-27 02:00:51]   Recruited 4460/73362 files
[2026-03-27 02:00:51]   Recruited 4470/73362 files
[2026-03-27 02:00:51]   Recruited 4480/73362 files
[2026-03-27 02:00:51]   Recruited 4490/73362 files
[2026-03-27 02:00:51]   Recruited 4500/73362 files
[2026-03-27 02:00:51]   Recruited 4510/73362 files
[2026-03-27 02:00:51]   Recruited 4520/73362 files
[2026-03-27 02:00:51]   Recruited 4530/73362 files
[2026-03-27 02:00:51]   Recruited 4540/73362 files
[2026-03-27 02:00:51]   Recruited 4550/73362 files
[2026-03-27 02:00:51]   Recruited 4560/73362 files
[2026-03-27 02:00:51]   Recruited 4570/73362 files
[2026-03-27 02:00:51]   Recruited 4580/73362 files
[2026-03-27 02:00:51]   Recruited 4590/73362 files
[2026-03-27 02:00:51]   Recruited 4600/73362 files
[2026-03-27 02:00:51]   Recruited 4610/73362 files
[2026-03-27 02:00:51]   Recruited 4620/73362 files
[2026-03-27 02:00:51]   Recruited 4630/73362 files
[2026-03-27 02:00:51]   Recruited 4640/73362 files
[2026-03-27 02:00:51]   Recruited 4650/73362 files
[2026-03-27 02:00:51]   Recruited 4660/73362 files
[2026-03-27 02:00:51]   Recruited 4670/73362 files
[2026-03-27 02:00:51]   Recruited 4680/73362 files
[2026-03-27 02:00:51]   Recruited 4690/73362 files
[2026-03-27 02:00:51]   Recruited 4700/73362 files
[2026-03-27 02:00:51]   Recruited 4710/73362 files
[2026-03-27 02:00:51]   Recruited 4720/73362 files
[2026-03-27 02:00:51]   Recruited 4730/73362 files
[2026-03-27 02:00:51]   Recruited 4740/73362 files
[2026-03-27 02:00:51]   Recruited 4750/73362 files
[2026-03-27 02:00:51]   Recruited 4760/73362 files
[2026-03-27 02:00:51]   Recruited 4770/73362 files
[2026-03-27 02:00:51]   Recruited 4780/73362 files
[2026-03-27 02:00:51]   Recruited 4790/73362 files
[2026-03-27 02:00:51]   Recruited 4800/73362 files
[2026-03-27 02:00:51]   Recruited 4810/73362 files
[2026-03-27 02:00:51]   Recruited 4820/73362 files
[2026-03-27 02:00:51]   Recruited 4830/73362 files
[2026-03-27 02:00:51]   Recruited 4840/73362 files
[2026-03-27 02:00:51]   Recruited 4850/73362 files
[2026-03-27 02:00:51]   Recruited 4860/73362 files
[2026-03-27 02:00:51]   Recruited 4870/73362 files
[2026-03-27 02:00:51]   Recruited 4880/73362 files
[2026-03-27 02:00:51]   Recruited 4890/73362 files
[2026-03-27 02:00:51]   Recruited 4900/73362 files
[2026-03-27 02:00:51]   Recruited 4910/73362 files
[2026-03-27 02:00:51]   Recruited 4920/73362 files
[2026-03-27 02:00:51]   Recruited 4930/73362 files
[2026-03-27 02:00:51]   Recruited 4940/73362 files
[2026-03-27 02:00:51]   Recruited 4950/73362 files
[2026-03-27 02:00:51]   Recruited 4960/73362 files
[2026-03-27 02:00:51]   Recruited 4970/73362 files
[2026-03-27 02:00:51]   Recruited 4980/73362 files
[2026-03-27 02:00:51]   Recruited 4990/73362 files
[2026-03-27 02:00:51]   Recruited 5000/73362 files
[2026-03-27 02:00:51]   Recruited 5010/73362 files
[2026-03-27 02:00:51]   Recruited 5020/73362 files
[2026-03-27 02:00:51]   Recruited 5030/73362 files
[2026-03-27 02:00:51]   Recruited 5040/73362 files
[2026-03-27 02:00:51]   Recruited 5050/73362 files
[2026-03-27 02:00:51]   Recruited 5060/73362 files
[2026-03-27 02:00:51]   Recruited 5070/73362 files
[2026-03-27 02:00:51]   Recruited 5080/73362 files
[2026-03-27 02:00:51]   Recruited 5090/73362 files
[2026-03-27 02:00:51]   Recruited 5100/73362 files
[2026-03-27 02:00:51]   Recruited 5110/73362 files
[2026-03-27 02:00:51]   Recruited 5120/73362 files
[2026-03-27 02:00:51]   Recruited 5130/73362 files
[2026-03-27 02:00:51]   Recruited 5140/73362 files
[2026-03-27 02:00:51]   Recruited 5150/73362 files
[2026-03-27 02:00:51]   Recruited 5160/73362 files
[2026-03-27 02:00:51]   Recruited 5170/73362 files
[2026-03-27 02:00:51]   Recruited 5180/73362 files
[2026-03-27 02:00:51]   Recruited 5190/73362 files
[2026-03-27 02:00:51]   Recruited 5200/73362 files
[2026-03-27 02:00:51]   Recruited 5210/73362 files
[2026-03-27 02:00:51]   Recruited 5220/73362 files
[2026-03-27 02:00:51]   Recruited 5230/73362 files
[2026-03-27 02:00:51]   Recruited 5240/73362 files
[2026-03-27 02:00:51]   Recruited 5250/73362 files
[2026-03-27 02:00:51]   Recruited 5260/73362 files
[2026-03-27 02:00:52]   Recruited 5270/73362 files
[2026-03-27 02:00:52]   Recruited 5280/73362 files
[2026-03-27 02:00:52]   Recruited 5290/73362 files
[2026-03-27 02:00:52]   Recruited 5300/73362 files
[2026-03-27 02:00:52]   Recruited 5310/73362 files
[2026-03-27 02:00:52]   Recruited 5320/73362 files
[2026-03-27 02:00:52]   Recruited 5330/73362 files
[2026-03-27 02:00:52]   Recruited 5340/73362 files
[2026-03-27 02:00:52]   Recruited 5350/73362 files
[2026-03-27 02:00:52]   Recruited 5360/73362 files
[2026-03-27 02:00:52]   Recruited 5370/73362 files
[2026-03-27 02:00:52]   Recruited 5380/73362 files
[2026-03-27 02:00:52]   Recruited 5390/73362 files
[2026-03-27 02:00:52]   Recruited 5400/73362 files
[2026-03-27 02:00:52]   Recruited 5410/73362 files
[2026-03-27 02:00:52]   Recruited 5420/73362 files
[2026-03-27 02:00:52]   Recruited 5430/73362 files
[2026-03-27 02:00:52]   Recruited 5440/73362 files
[2026-03-27 02:00:52]   Recruited 5450/73362 files
[2026-03-27 02:00:52]   Recruited 5460/73362 files
[2026-03-27 02:00:52]   Recruited 5470/73362 files
[2026-03-27 02:00:52]   Recruited 5480/73362 files
[2026-03-27 02:00:52]   Recruited 5490/73362 files
[2026-03-27 02:00:52]   Recruited 5500/73362 files
[2026-03-27 02:00:52]   Recruited 5510/73362 files
[2026-03-27 02:00:52]   Recruited 5520/73362 files
[2026-03-27 02:00:52]   Recruited 5530/73362 files
[2026-03-27 02:00:52]   Recruited 5540/73362 files
[2026-03-27 02:00:52]   Recruited 5550/73362 files
[2026-03-27 02:00:52]   Recruited 5560/73362 files
[2026-03-27 02:00:52]   Recruited 5570/73362 files
[2026-03-27 02:00:52]   Recruited 5580/73362 files
[2026-03-27 02:00:52]   Recruited 5590/73362 files
[2026-03-27 02:00:52]   Recruited 5600/73362 files
[2026-03-27 02:00:52]   Recruited 5610/73362 files
[2026-03-27 02:00:52]   Recruited 5620/73362 files
[2026-03-27 02:00:52]   Recruited 5630/73362 files
[2026-03-27 02:00:52]   Recruited 5640/73362 files
[2026-03-27 02:00:52]   Recruited 5650/73362 files
[2026-03-27 02:00:52]   Recruited 5660/73362 files
[2026-03-27 02:00:52]   Recruited 5670/73362 files
[2026-03-27 02:00:52]   Recruited 5680/73362 files
[2026-03-27 02:00:52]   Recruited 5690/73362 files
[2026-03-27 02:00:52]   Recruited 5700/73362 files
[2026-03-27 02:00:52]   Recruited 5710/73362 files
[2026-03-27 02:00:52]   Recruited 5720/73362 files
[2026-03-27 02:00:52]   Recruited 5730/73362 files
[2026-03-27 02:00:52]   Recruited 5740/73362 files
[2026-03-27 02:00:52]   Recruited 5750/73362 files
[2026-03-27 02:00:52]   Recruited 5760/73362 files
[2026-03-27 02:00:52]   Recruited 5770/73362 files
[2026-03-27 02:00:52]   Recruited 5780/73362 files
[2026-03-27 02:00:52]   Recruited 5790/73362 files
[2026-03-27 02:00:52]   Recruited 5800/73362 files
[2026-03-27 02:00:52]   Recruited 5810/73362 files
[2026-03-27 02:00:52]   Recruited 5820/73362 files
[2026-03-27 02:00:52]   Recruited 5830/73362 files
[2026-03-27 02:00:52]   Recruited 5840/73362 files
[2026-03-27 02:00:52]   Recruited 5850/73362 files
[2026-03-27 02:00:52]   Recruited 5860/73362 files
[2026-03-27 02:00:52]   Recruited 5870/73362 files
[2026-03-27 02:00:52]   Recruited 5880/73362 files
[2026-03-27 02:00:52]   Recruited 5890/73362 files
[2026-03-27 02:00:52]   Recruited 5900/73362 files
[2026-03-27 02:00:52]   Recruited 5910/73362 files
[2026-03-27 02:00:52]   Recruited 5920/73362 files
[2026-03-27 02:00:52]   Recruited 5930/73362 files
[2026-03-27 02:00:52]   Recruited 5940/73362 files
[2026-03-27 02:00:52]   Recruited 5950/73362 files
[2026-03-27 02:00:52]   Recruited 5960/73362 files
[2026-03-27 02:00:52]   Recruited 5970/73362 files
[2026-03-27 02:00:52]   Recruited 5980/73362 files
[2026-03-27 02:00:52]   Recruited 5990/73362 files
[2026-03-27 02:00:52]   Recruited 6000/73362 files
[2026-03-27 02:00:52]   Recruited 6010/73362 files
[2026-03-27 02:00:52]   Recruited 6020/73362 files
[2026-03-27 02:00:52]   Recruited 6030/73362 files
[2026-03-27 02:00:52]   Recruited 6040/73362 files
[2026-03-27 02:00:52]   Recruited 6050/73362 files
[2026-03-27 02:00:52]   Recruited 6060/73362 files
[2026-03-27 02:00:52]   Recruited 6070/73362 files
[2026-03-27 02:00:52]   Recruited 6080/73362 files
[2026-03-27 02:00:52]   Recruited 6090/73362 files
[2026-03-27 02:00:52]   Recruited 6100/73362 files
[2026-03-27 02:00:52]   Recruited 6110/73362 files
[2026-03-27 02:00:52]   Recruited 6120/73362 files
[2026-03-27 02:00:52]   Recruited 6130/73362 files
[2026-03-27 02:00:52]   Recruited 6140/73362 files
[2026-03-27 02:00:52]   Recruited 6150/73362 files
[2026-03-27 02:00:52]   Recruited 6160/73362 files
[2026-03-27 02:00:52]   Recruited 6170/73362 files
[2026-03-27 02:00:52]   Recruited 6180/73362 files
[2026-03-27 02:00:52]   Recruited 6190/73362 files
[2026-03-27 02:00:52]   Recruited 6200/73362 files
[2026-03-27 02:00:52]   Recruited 6210/73362 files
[2026-03-27 02:00:52]   Recruited 6220/73362 files
[2026-03-27 02:00:52]   Recruited 6230/73362 files
[2026-03-27 02:00:52]   Recruited 6240/73362 files
[2026-03-27 02:00:52]   Recruited 6250/73362 files
[2026-03-27 02:00:53]   Recruited 6260/73362 files
[2026-03-27 02:00:53]   Recruited 6270/73362 files
[2026-03-27 02:00:53]   Recruited 6280/73362 files
[2026-03-27 02:00:53]   Recruited 6290/73362 files
[2026-03-27 02:00:53]   Recruited 6300/73362 files
[2026-03-27 02:00:53]   Recruited 6310/73362 files
[2026-03-27 02:00:53]   Recruited 6320/73362 files
[2026-03-27 02:00:53]   Recruited 6330/73362 files
[2026-03-27 02:00:53]   Recruited 6340/73362 files
[2026-03-27 02:00:53]   Recruited 6350/73362 files
[2026-03-27 02:00:53]   Recruited 6360/73362 files
[2026-03-27 02:00:53]   Recruited 6370/73362 files
[2026-03-27 02:00:53]   Recruited 6380/73362 files
[2026-03-27 02:00:53]   Recruited 6390/73362 files
[2026-03-27 02:00:53]   Recruited 6400/73362 files
[2026-03-27 02:00:53]   Recruited 6410/73362 files
[2026-03-27 02:00:53]   Recruited 6420/73362 files
[2026-03-27 02:00:53]   Recruited 6430/73362 files
[2026-03-27 02:00:53]   Recruited 6440/73362 files
[2026-03-27 02:00:53]   Recruited 6450/73362 files
[2026-03-27 02:00:53]   Recruited 6460/73362 files
[2026-03-27 02:00:53]   Recruited 6470/73362 files
[2026-03-27 02:00:53]   Recruited 6480/73362 files
[2026-03-27 02:00:53]   Recruited 6490/73362 files
[2026-03-27 02:00:53]   Recruited 6500/73362 files
[2026-03-27 02:00:53]   Recruited 6510/73362 files
[2026-03-27 02:00:53]   Recruited 6520/73362 files
[2026-03-27 02:00:53]   Recruited 6530/73362 files
[2026-03-27 02:00:53]   Recruited 6540/73362 files
[2026-03-27 02:00:53]   Recruited 6550/73362 files
[2026-03-27 02:00:53]   Recruited 6560/73362 files
[2026-03-27 02:00:53]   Recruited 6570/73362 files
[2026-03-27 02:00:53]   Recruited 6580/73362 files
[2026-03-27 02:00:53]   Recruited 6590/73362 files
[2026-03-27 02:00:53]   Recruited 6600/73362 files
[2026-03-27 02:00:53]   Recruited 6610/73362 files
[2026-03-27 02:00:53]   Recruited 6620/73362 files
[2026-03-27 02:00:53]   Recruited 6630/73362 files
[2026-03-27 02:00:53]   Recruited 6640/73362 files
[2026-03-27 02:00:53]   Recruited 6650/73362 files
[2026-03-27 02:00:53]   Recruited 6660/73362 files
[2026-03-27 02:00:53]   Recruited 6670/73362 files
[2026-03-27 02:00:53]   Recruited 6680/73362 files
[2026-03-27 02:00:53]   Recruited 6690/73362 files
[2026-03-27 02:00:53]   Recruited 6700/73362 files
[2026-03-27 02:00:53]   Recruited 6710/73362 files
[2026-03-27 02:00:53]   Recruited 6720/73362 files
[2026-03-27 02:00:53]   Recruited 6730/73362 files
[2026-03-27 02:00:53]   Recruited 6740/73362 files
[2026-03-27 02:00:53]   Recruited 6750/73362 files
[2026-03-27 02:00:53]   Recruited 6760/73362 files
[2026-03-27 02:00:53]   Recruited 6770/73362 files
[2026-03-27 02:00:53]   Recruited 6780/73362 files
[2026-03-27 02:00:53]   Recruited 6790/73362 files
[2026-03-27 02:00:53]   Recruited 6800/73362 files
[2026-03-27 02:00:53]   Recruited 6810/73362 files
[2026-03-27 02:00:53]   Recruited 6820/73362 files
[2026-03-27 02:00:53]   Recruited 6830/73362 files
[2026-03-27 02:00:53]   Recruited 6840/73362 files
[2026-03-27 02:00:53]   Recruited 6850/73362 files
[2026-03-27 02:00:53]   Recruited 6860/73362 files
[2026-03-27 02:00:53]   Recruited 6870/73362 files
[2026-03-27 02:00:53]   Recruited 6880/73362 files
[2026-03-27 02:00:53]   Recruited 6890/73362 files
[2026-03-27 02:00:53]   Recruited 6900/73362 files
[2026-03-27 02:00:53]   Recruited 6910/73362 files
[2026-03-27 02:00:53]   Recruited 6920/73362 files
[2026-03-27 02:00:53]   Recruited 6930/73362 files
[2026-03-27 02:00:53]   Recruited 6940/73362 files
[2026-03-27 02:00:53]   Recruited 6950/73362 files
[2026-03-27 02:00:53]   Recruited 6960/73362 files
[2026-03-27 02:00:53]   Recruited 6970/73362 files
[2026-03-27 02:00:53]   Recruited 6980/73362 files
[2026-03-27 02:00:53]   Recruited 6990/73362 files
[2026-03-27 02:00:53]   Recruited 7000/73362 files
[2026-03-27 02:00:53]   Recruited 7010/73362 files
[2026-03-27 02:00:53]   Recruited 7020/73362 files
[2026-03-27 02:00:53]   Recruited 7030/73362 files
[2026-03-27 02:00:53]   Recruited 7040/73362 files
[2026-03-27 02:00:53]   Recruited 7050/73362 files
[2026-03-27 02:00:53]   Recruited 7060/73362 files
[2026-03-27 02:00:53]   Recruited 7070/73362 files
[2026-03-27 02:00:53]   Recruited 7080/73362 files
[2026-03-27 02:00:53]   Recruited 7090/73362 files
[2026-03-27 02:00:53]   Recruited 7100/73362 files
[2026-03-27 02:00:53]   Recruited 7110/73362 files
[2026-03-27 02:00:53]   Recruited 7120/73362 files
[2026-03-27 02:00:53]   Recruited 7130/73362 files
[2026-03-27 02:00:53]   Recruited 7140/73362 files
[2026-03-27 02:00:53]   Recruited 7150/73362 files
[2026-03-27 02:00:53]   Recruited 7160/73362 files
[2026-03-27 02:00:53]   Recruited 7170/73362 files
[2026-03-27 02:00:53]   Recruited 7180/73362 files
[2026-03-27 02:00:53]   Recruited 7190/73362 files
[2026-03-27 02:00:54]   Recruited 7200/73362 files
[2026-03-27 02:00:54]   Recruited 7210/73362 files
[2026-03-27 02:00:54]   Recruited 7220/73362 files
[2026-03-27 02:00:54]   Recruited 7230/73362 files
[2026-03-27 02:00:54]   Recruited 7240/73362 files
[2026-03-27 02:00:54]   Recruited 7250/73362 files
[2026-03-27 02:00:54]   Recruited 7260/73362 files
[2026-03-27 02:00:54]   Recruited 7270/73362 files
[2026-03-27 02:00:54]   Recruited 7280/73362 files
[2026-03-27 02:00:54]   Recruited 7290/73362 files
[2026-03-27 02:00:54]   Recruited 7300/73362 files
[2026-03-27 02:00:54]   Recruited 7310/73362 files
[2026-03-27 02:00:54]   Recruited 7320/73362 files
[2026-03-27 02:00:54]   Recruited 7330/73362 files
[2026-03-27 02:00:54]   Recruited 7340/73362 files
[2026-03-27 02:00:54]   Recruited 7350/73362 files
[2026-03-27 02:00:54]   Recruited 7360/73362 files
[2026-03-27 02:00:54]   Recruited 7370/73362 files
[2026-03-27 02:00:54]   Recruited 7380/73362 files
[2026-03-27 02:00:54]   Recruited 7390/73362 files
[2026-03-27 02:00:54]   Recruited 7400/73362 files
[2026-03-27 02:00:54]   Recruited 7410/73362 files
[2026-03-27 02:00:54]   Recruited 7420/73362 files
[2026-03-27 02:00:54]   Recruited 7430/73362 files
[2026-03-27 02:00:54]   Recruited 7440/73362 files
[2026-03-27 02:00:54]   Recruited 7450/73362 files
[2026-03-27 02:00:54]   Recruited 7460/73362 files
[2026-03-27 02:00:54]   Recruited 7470/73362 files
[2026-03-27 02:00:54]   Recruited 7480/73362 files
[2026-03-27 02:00:54]   Recruited 7490/73362 files
[2026-03-27 02:00:54]   Recruited 7500/73362 files
[2026-03-27 02:00:54]   Recruited 7510/73362 files
[2026-03-27 02:00:54]   Recruited 7520/73362 files
[2026-03-27 02:00:54]   Recruited 7530/73362 files
[2026-03-27 02:00:54]   Recruited 7540/73362 files
[2026-03-27 02:00:54]   Recruited 7550/73362 files
[2026-03-27 02:00:54]   Recruited 7560/73362 files
[2026-03-27 02:00:54]   Recruited 7570/73362 files
[2026-03-27 02:00:54]   Recruited 7580/73362 files
[2026-03-27 02:00:54]   Recruited 7590/73362 files
[2026-03-27 02:00:54]   Recruited 7600/73362 files
[2026-03-27 02:00:54]   Recruited 7610/73362 files
[2026-03-27 02:00:54]   Recruited 7620/73362 files
[2026-03-27 02:00:54]   Recruited 7630/73362 files
[2026-03-27 02:00:54]   Recruited 7640/73362 files
[2026-03-27 02:00:54]   Recruited 7650/73362 files
[2026-03-27 02:00:54]   Recruited 7660/73362 files
[2026-03-27 02:00:54]   Recruited 7670/73362 files
[2026-03-27 02:00:54]   Recruited 7680/73362 files
[2026-03-27 02:00:54]   Recruited 7690/73362 files
[2026-03-27 02:00:54]   Recruited 7700/73362 files
[2026-03-27 02:00:54]   Recruited 7710/73362 files
[2026-03-27 02:00:54]   Recruited 7720/73362 files
[2026-03-27 02:00:54]   Recruited 7730/73362 files
[2026-03-27 02:00:54]   Recruited 7740/73362 files
[2026-03-27 02:00:54]   Recruited 7750/73362 files
[2026-03-27 02:00:54]   Recruited 7760/73362 files
[2026-03-27 02:00:54]   Recruited 7770/73362 files
[2026-03-27 02:00:54]   Recruited 7780/73362 files
[2026-03-27 02:00:54]   Recruited 7790/73362 files
[2026-03-27 02:00:54]   Recruited 7800/73362 files
[2026-03-27 02:00:54]   Recruited 7810/73362 files
[2026-03-27 02:00:54]   Recruited 7820/73362 files
[2026-03-27 02:00:54]   Recruited 7830/73362 files
[2026-03-27 02:00:54]   Recruited 7840/73362 files
[2026-03-27 02:00:54]   Recruited 7850/73362 files
[2026-03-27 02:00:54]   Recruited 7860/73362 files
[2026-03-27 02:00:54]   Recruited 7870/73362 files
[2026-03-27 02:00:54]   Recruited 7880/73362 files
[2026-03-27 02:00:54]   Recruited 7890/73362 files
[2026-03-27 02:00:54]   Recruited 7900/73362 files
[2026-03-27 02:00:54]   Recruited 7910/73362 files
[2026-03-27 02:00:54]   Recruited 7920/73362 files
[2026-03-27 02:00:54]   Recruited 7930/73362 files
[2026-03-27 02:00:54]   Recruited 7940/73362 files
[2026-03-27 02:00:54]   Recruited 7950/73362 files
[2026-03-27 02:00:54]   Recruited 7960/73362 files
[2026-03-27 02:00:54]   Recruited 7970/73362 files
[2026-03-27 02:00:54]   Recruited 7980/73362 files
[2026-03-27 02:00:54]   Recruited 7990/73362 files
[2026-03-27 02:00:54]   Recruited 8000/73362 files
[2026-03-27 02:00:54]   Recruited 8010/73362 files
[2026-03-27 02:00:54]   Recruited 8020/73362 files
[2026-03-27 02:00:54]   Recruited 8030/73362 files
[2026-03-27 02:00:54]   Recruited 8040/73362 files
[2026-03-27 02:00:54]   Recruited 8050/73362 files
[2026-03-27 02:00:54]   Recruited 8060/73362 files
[2026-03-27 02:00:54]   Recruited 8070/73362 files
[2026-03-27 02:00:54]   Recruited 8080/73362 files
[2026-03-27 02:00:54]   Recruited 8090/73362 files
[2026-03-27 02:00:54]   Recruited 8100/73362 files
[2026-03-27 02:00:54]   Recruited 8110/73362 files
[2026-03-27 02:00:54]   Recruited 8120/73362 files
[2026-03-27 02:00:54]   Recruited 8130/73362 files
[2026-03-27 02:00:54]   Recruited 8140/73362 files
[2026-03-27 02:00:54]   Recruited 8150/73362 files
[2026-03-27 02:00:54]   Recruited 8160/73362 files
[2026-03-27 02:00:54]   Recruited 8170/73362 files
[2026-03-27 02:00:54]   Recruited 8180/73362 files
[2026-03-27 02:00:55]   Recruited 8190/73362 files
[2026-03-27 02:00:55]   Recruited 8200/73362 files
[2026-03-27 02:00:55]   Recruited 8210/73362 files
[2026-03-27 02:00:55]   Recruited 8220/73362 files
[2026-03-27 02:00:55]   Recruited 8230/73362 files
[2026-03-27 02:00:55]   Recruited 8240/73362 files
[2026-03-27 02:00:55]   Recruited 8250/73362 files
[2026-03-27 02:00:55]   Recruited 8260/73362 files
[2026-03-27 02:00:55]   Recruited 8270/73362 files
[2026-03-27 02:00:55]   Recruited 8280/73362 files
[2026-03-27 02:00:55]   Recruited 8290/73362 files
[2026-03-27 02:00:55]   Recruited 8300/73362 files
[2026-03-27 02:00:55]   Recruited 8310/73362 files
[2026-03-27 02:00:55]   Recruited 8320/73362 files
[2026-03-27 02:00:55]   Recruited 8330/73362 files
[2026-03-27 02:00:55]   Recruited 8340/73362 files
[2026-03-27 02:00:55]   Recruited 8350/73362 files
[2026-03-27 02:00:55]   Recruited 8360/73362 files
[2026-03-27 02:00:55]   Recruited 8370/73362 files
[2026-03-27 02:00:55]   Recruited 8380/73362 files
[2026-03-27 02:00:55]   Recruited 8390/73362 files
[2026-03-27 02:00:55]   Recruited 8400/73362 files
[2026-03-27 02:00:55]   Recruited 8410/73362 files
[2026-03-27 02:00:55]   Recruited 8420/73362 files
[2026-03-27 02:00:55]   Recruited 8430/73362 files
[2026-03-27 02:00:55]   Recruited 8440/73362 files
[2026-03-27 02:00:55]   Recruited 8450/73362 files
[2026-03-27 02:00:55]   Recruited 8460/73362 files
[2026-03-27 02:00:55]   Recruited 8470/73362 files
[2026-03-27 02:00:55]   Recruited 8480/73362 files
[2026-03-27 02:00:55]   Recruited 8490/73362 files
[2026-03-27 02:00:55]   Recruited 8500/73362 files
[2026-03-27 02:00:55]   Recruited 8510/73362 files
[2026-03-27 02:00:55]   Recruited 8520/73362 files
[2026-03-27 02:00:55]   Recruited 8530/73362 files
[2026-03-27 02:00:55]   Recruited 8540/73362 files
[2026-03-27 02:00:55]   Recruited 8550/73362 files
[2026-03-27 02:00:55]   Recruited 8560/73362 files
[2026-03-27 02:00:55]   Recruited 8570/73362 files
[2026-03-27 02:00:55]   Recruited 8580/73362 files
[2026-03-27 02:00:55]   Recruited 8590/73362 files
[2026-03-27 02:00:55]   Recruited 8600/73362 files
[2026-03-27 02:00:55]   Recruited 8610/73362 files
[2026-03-27 02:00:55]   Recruited 8620/73362 files
[2026-03-27 02:00:55]   Recruited 8630/73362 files
[2026-03-27 02:00:55]   Recruited 8640/73362 files
[2026-03-27 02:00:55]   Recruited 8650/73362 files
[2026-03-27 02:00:55]   Recruited 8660/73362 files
[2026-03-27 02:00:55]   Recruited 8670/73362 files
[2026-03-27 02:00:55]   Recruited 8680/73362 files
[2026-03-27 02:00:55]   Recruited 8690/73362 files
[2026-03-27 02:00:55]   Recruited 8700/73362 files
[2026-03-27 02:00:55]   Recruited 8710/73362 files
[2026-03-27 02:00:55]   Recruited 8720/73362 files
[2026-03-27 02:00:55]   Recruited 8730/73362 files
[2026-03-27 02:00:55]   Recruited 8740/73362 files
[2026-03-27 02:00:55]   Recruited 8750/73362 files
[2026-03-27 02:00:55]   Recruited 8760/73362 files
[2026-03-27 02:00:55]   Recruited 8770/73362 files
[2026-03-27 02:00:55]   Recruited 8780/73362 files
[2026-03-27 02:00:55]   Recruited 8790/73362 files
[2026-03-27 02:00:55]   Recruited 8800/73362 files
[2026-03-27 02:00:55]   Recruited 8810/73362 files
[2026-03-27 02:00:55]   Recruited 8820/73362 files
[2026-03-27 02:00:55]   Recruited 8830/73362 files
[2026-03-27 02:00:55]   Recruited 8840/73362 files
[2026-03-27 02:00:55]   Recruited 8850/73362 files
[2026-03-27 02:00:55]   Recruited 8860/73362 files
[2026-03-27 02:00:55]   Recruited 8870/73362 files
[2026-03-27 02:00:55]   Recruited 8880/73362 files
[2026-03-27 02:00:55]   Recruited 8890/73362 files
[2026-03-27 02:00:55]   Recruited 8900/73362 files
[2026-03-27 02:00:55]   Recruited 8910/73362 files
[2026-03-27 02:00:55]   Recruited 8920/73362 files
[2026-03-27 02:00:55]   Recruited 8930/73362 files
[2026-03-27 02:00:55]   Recruited 8940/73362 files
[2026-03-27 02:00:55]   Recruited 8950/73362 files
[2026-03-27 02:00:55]   Recruited 8960/73362 files
[2026-03-27 02:00:55]   Recruited 8970/73362 files
[2026-03-27 02:00:55]   Recruited 8980/73362 files
[2026-03-27 02:00:55]   Recruited 8990/73362 files
[2026-03-27 02:00:55]   Recruited 9000/73362 files
[2026-03-27 02:00:55]   Recruited 9010/73362 files
[2026-03-27 02:00:55]   Recruited 9020/73362 files
[2026-03-27 02:00:55]   Recruited 9030/73362 files
[2026-03-27 02:00:55]   Recruited 9040/73362 files
[2026-03-27 02:00:55]   Recruited 9050/73362 files
[2026-03-27 02:00:55]   Recruited 9060/73362 files
[2026-03-27 02:00:55]   Recruited 9070/73362 files
[2026-03-27 02:00:55]   Recruited 9080/73362 files
[2026-03-27 02:00:55]   Recruited 9090/73362 files
[2026-03-27 02:00:55]   Recruited 9100/73362 files
[2026-03-27 02:00:55]   Recruited 9110/73362 files
[2026-03-27 02:00:55]   Recruited 9120/73362 files
[2026-03-27 02:00:55]   Recruited 9130/73362 files
[2026-03-27 02:00:56]   Recruited 9140/73362 files
[2026-03-27 02:00:56]   Recruited 9150/73362 files
[2026-03-27 02:00:56]   Recruited 9160/73362 files
[2026-03-27 02:00:56]   Recruited 9170/73362 files
[2026-03-27 02:00:56]   Recruited 9180/73362 files
[2026-03-27 02:00:56]   Recruited 9190/73362 files
[2026-03-27 02:00:56]   Recruited 9200/73362 files
[2026-03-27 02:00:56]   Recruited 9210/73362 files
[2026-03-27 02:00:56]   Recruited 9220/73362 files
[2026-03-27 02:00:56]   Recruited 9230/73362 files
[2026-03-27 02:00:56]   Recruited 9240/73362 files
[2026-03-27 02:00:56]   Recruited 9250/73362 files
[2026-03-27 02:00:56]   Recruited 9260/73362 files
[2026-03-27 02:00:56]   Recruited 9270/73362 files
[2026-03-27 02:00:56]   Recruited 9280/73362 files
[2026-03-27 02:00:56]   Recruited 9290/73362 files
[2026-03-27 02:00:56]   Recruited 9300/73362 files
[2026-03-27 02:00:56]   Recruited 9310/73362 files
[2026-03-27 02:00:56]   Recruited 9320/73362 files
[2026-03-27 02:00:56]   Recruited 9330/73362 files
[2026-03-27 02:00:56]   Recruited 9340/73362 files
[2026-03-27 02:00:56]   Recruited 9350/73362 files
[2026-03-27 02:00:56]   Recruited 9360/73362 files
[2026-03-27 02:00:56]   Recruited 9370/73362 files
[2026-03-27 02:00:56]   Recruited 9380/73362 files
[2026-03-27 02:00:56]   Recruited 9390/73362 files
[2026-03-27 02:00:56]   Recruited 9400/73362 files
[2026-03-27 02:00:56]   Recruited 9410/73362 files
[2026-03-27 02:00:56]   Recruited 9420/73362 files
[2026-03-27 02:00:56]   Recruited 9430/73362 files
[2026-03-27 02:00:56]   Recruited 9440/73362 files
[2026-03-27 02:00:56]   Recruited 9450/73362 files
[2026-03-27 02:00:56]   Recruited 9460/73362 files
[2026-03-27 02:00:56]   Recruited 9470/73362 files
[2026-03-27 02:00:56]   Recruited 9480/73362 files
[2026-03-27 02:00:56]   Recruited 9490/73362 files
[2026-03-27 02:00:56]   Recruited 9500/73362 files
[2026-03-27 02:00:56]   Recruited 9510/73362 files
[2026-03-27 02:00:56]   Recruited 9520/73362 files
[2026-03-27 02:00:56]   Recruited 9530/73362 files
[2026-03-27 02:00:56]   Recruited 9540/73362 files
[2026-03-27 02:00:56]   Recruited 9550/73362 files
[2026-03-27 02:00:56]   Recruited 9560/73362 files
[2026-03-27 02:00:56]   Recruited 9570/73362 files
[2026-03-27 02:00:56]   Recruited 9580/73362 files
[2026-03-27 02:00:56]   Recruited 9590/73362 files
[2026-03-27 02:00:56]   Recruited 9600/73362 files
[2026-03-27 02:00:56]   Recruited 9610/73362 files
[2026-03-27 02:00:56]   Recruited 9620/73362 files
[2026-03-27 02:00:56]   Recruited 9630/73362 files
[2026-03-27 02:00:56]   Recruited 9640/73362 files
[2026-03-27 02:00:56]   Recruited 9650/73362 files
[2026-03-27 02:00:56]   Recruited 9660/73362 files
[2026-03-27 02:00:56]   Recruited 9670/73362 files
[2026-03-27 02:00:56]   Recruited 9680/73362 files
[2026-03-27 02:00:56]   Recruited 9690/73362 files
[2026-03-27 02:00:56]   Recruited 9700/73362 files
[2026-03-27 02:00:56]   Recruited 9710/73362 files
[2026-03-27 02:00:56]   Recruited 9720/73362 files
[2026-03-27 02:00:56]   Recruited 9730/73362 files
[2026-03-27 02:00:56]   Recruited 9740/73362 files
[2026-03-27 02:00:56]   Recruited 9750/73362 files
[2026-03-27 02:00:56]   Recruited 9760/73362 files
[2026-03-27 02:00:56]   Recruited 9770/73362 files
[2026-03-27 02:00:56]   Recruited 9780/73362 files
[2026-03-27 02:00:56]   Recruited 9790/73362 files
[2026-03-27 02:00:56]   Recruited 9800/73362 files
[2026-03-27 02:00:56]   Recruited 9810/73362 files
[2026-03-27 02:00:56]   Recruited 9820/73362 files
[2026-03-27 02:00:56]   Recruited 9830/73362 files
[2026-03-27 02:00:56]   Recruited 9840/73362 files
[2026-03-27 02:00:56]   Recruited 9850/73362 files
[2026-03-27 02:00:56]   Recruited 9860/73362 files
[2026-03-27 02:00:56]   Recruited 9870/73362 files
[2026-03-27 02:00:56]   Recruited 9880/73362 files
[2026-03-27 02:00:56]   Recruited 9890/73362 files
[2026-03-27 02:00:56]   Recruited 9900/73362 files
[2026-03-27 02:00:56]   Recruited 9910/73362 files
Traceback (most recent call last):
  File "/home/jericho/zion/projects/ai_project_management/aipm/autonomous_recruiter.py", line 247, in <module>
    sys.exit(main())
             ^^^^^^
  File "/home/jericho/zion/projects/ai_project_management/aipm/autonomous_recruiter.py", line 213, in main
    cartridge = recruit_file(aipm, filepath, ext, meta, i, len(lang_files))
                ^^^^^^^^^^^^^^^^^^^^^^^^^^^^^^^^^^^^^^^^^^^^^^^^^^^^^^^^^^^
  File "/home/jericho/zion/projects/ai_project_management/aipm/autonomous_recruiter.py", line 165, in recruit_file
    cartridge = create_rts_cartridge(filepath, tiles, coords, language_meta)
                ^^^^^^^^^^^^^^^^^^^^^^^^^^^^^^^^^^^^^^^^^^^^^^^^^^^^^^^^^^^^
  File "/home/jericho/zion/projects/ai_project_management/aipm/autonomous_recruiter.py", line 140, in create_rts_cartridge
    content = filepath.read_text()
              ^^^^^^^^^^^^^^^^^^^^
  File "/usr/lib/python3.12/pathlib.py", line 1030, in read_text
    return f.read()
           ^^^^^^^^
  File "<frozen codecs>", line 322, in decode
UnicodeDecodeError: 'utf-8' codec can't decode byte 0xa4 in position 64: invalid start byte
